TN:
SF:src/messagex.js
FN:102,authenticate
FN:106,(anonymous_1)
FN:107,(anonymous_2)
FN:122,(anonymous_3)
FN:125,(anonymous_4)
FN:133,sendMail
FN:137,(anonymous_6)
FN:138,(anonymous_7)
FN:178,(anonymous_8)
FN:193,(anonymous_9)
FN:196,(anonymous_10)
FNF:11
FNH:11
FNDA:5,authenticate
FNDA:2,(anonymous_1)
FNDA:2,(anonymous_2)
FNDA:2,(anonymous_3)
FNDA:3,(anonymous_4)
FNDA:9,sendMail
FNDA:2,(anonymous_6)
FNDA:7,(anonymous_7)
FNDA:11,(anonymous_8)
FNDA:6,(anonymous_9)
FNDA:7,(anonymous_10)
DA:1,1
DA:2,1
DA:3,1
DA:5,1
DA:8,1
DA:17,1
DA:31,1
DA:41,1
DA:52,1
DA:97,1
DA:98,1
DA:99,1
DA:100,1
DA:101,1
DA:105,5
DA:106,2
DA:107,2
DA:108,2
DA:113,5
DA:114,1
DA:118,5
DA:123,2
DA:126,3
DA:130,5
DA:136,9
DA:137,2
DA:138,2
DA:139,7
DA:146,9
DA:147,2
DA:150,9
DA:151,3
DA:154,9
DA:159,9
DA:160,9
DA:161,4
DA:164,9
DA:165,1
DA:167,9
DA:168,1
DA:171,9
DA:172,3
DA:175,9
DA:176,3
DA:178,6
DA:179,11
DA:180,1
DA:186,9
DA:190,9
DA:194,6
DA:197,7
DA:200,9
DA:203,1
LF:53
LH:53
BRDA:105,0,0,2
BRDA:105,0,1,3
BRDA:108,1,0,1
BRDA:108,1,1,1
BRDA:113,2,0,1
BRDA:113,2,1,4
BRDA:113,3,0,5
BRDA:113,3,1,4
BRDA:136,4,0,2
BRDA:136,4,1,7
BRDA:139,5,0,6
BRDA:139,5,1,1
BRDA:146,6,0,2
BRDA:146,6,1,7
BRDA:150,7,0,3
BRDA:150,7,1,6
BRDA:150,8,0,9
BRDA:150,8,1,6
BRDA:160,9,0,4
BRDA:160,9,1,5
BRDA:160,10,0,9
BRDA:160,10,1,6
BRDA:164,11,0,1
BRDA:164,11,1,8
BRDA:164,12,0,9
BRDA:164,12,1,6
BRDA:167,13,0,1
BRDA:167,13,1,8
BRDA:167,14,0,9
BRDA:167,14,1,1
BRDA:171,15,0,3
BRDA:171,15,1,6
BRDA:171,16,0,9
BRDA:171,16,1,6
BRDA:175,17,0,3
BRDA:175,17,1,6
BRDA:179,18,0,1
BRDA:179,18,1,10
BRF:38
BRH:38
end_of_record
